<?xml version="1.0" encoding="UTF-8"?>
<!-- Generated by org.testng.reporters.JUnitReportReporter -->
<testsuite hostname="PF14H0VV" failures="0" tests="2" name="Tests.SearchTest" time="11.510" errors="0" timestamp="2022-06-03T17:19:50 EDT" skipped="0">
  <testcase classname="Tests.SearchTest" name="blankresultPage" time="5.840"/>
  <testcase classname="Tests.SearchTest" name="firstSearchTest" time="5.670"/>
</testsuite> <!-- Tests.SearchTest -->
